{
  "stats": {
    "suites": 1,
    "tests": 8,
    "passes": 3,
    "pending": 0,
    "failures": 5,
    "start": "2024-11-18T12:02:15.990Z",
    "end": "2024-11-18T12:02:18.865Z",
    "duration": 2875,
    "testsRegistered": 8,
    "passPercent": 37.5,
    "pendingPercent": 0,
    "other": 0,
    "hasOther": false,
    "skipped": 0,
    "hasSkipped": false
  },
  "results": [
    {
      "uuid": "ca2e0acd-73d1-4e4d-84c7-b981e356fcb1",
      "title": "",
      "fullFile": "cypress\\integration\\backend\\backendTests.spec.js",
      "file": "cypress\\integration\\backend\\backendTests.spec.js",
      "beforeHooks": [],
      "afterHooks": [],
      "tests": [],
      "suites": [
        {
          "uuid": "20e7a760-d289-41e7-af81-ac599e5090c6",
          "title": "Backend API Tests for Employee and Admin Role",
          "fullFile": "",
          "file": "",
          "beforeHooks": [],
          "afterHooks": [],
          "tests": [
            {
              "title": "should register a new employee",
              "fullTitle": "Backend API Tests for Employee and Admin Role should register a new employee",
              "timedOut": null,
              "duration": 286,
              "state": "passed",
              "speed": "fast",
              "pass": true,
              "fail": false,
              "pending": false,
              "context": null,
              "code": "cy.request(\"POST\", `${apiUrl}/auth/register`, {\n  username: employeeUsername,\n  // Use the dynamically generated username\n  password: employeePassword\n}).then(response => {\n  expect(response.status).to.eq(201);\n  expect(response.body).to.have.property(\"message\", \"User registered successfully\");\n});",
              "err": {},
              "uuid": "71fc32e5-2623-46e7-8fe4-f09e499e721d",
              "parentUUID": "20e7a760-d289-41e7-af81-ac599e5090c6",
              "isHook": false,
              "skipped": false
            },
            {
              "title": "should login the employee with valid credentials",
              "fullTitle": "Backend API Tests for Employee and Admin Role should login the employee with valid credentials",
              "timedOut": null,
              "duration": 214,
              "state": "passed",
              "speed": "fast",
              "pass": true,
              "fail": false,
              "pending": false,
              "context": null,
              "code": "cy.request(\"POST\", `${apiUrl}/auth/login`, {\n  username: employeeUsername,\n  // Use the same username as registration\n  password: employeePassword // Use the same password as registration\n}).then(response => {\n  expect(response.status).to.eq(200);\n  expect(response.body).to.have.property(\"token\");\n  Cypress.env(\"employeeAuthToken\", response.body.token); // Store token in Cypress environment variable\n});",
              "err": {},
              "uuid": "d09a2093-9b81-448e-9d28-8741b6fb7329",
              "parentUUID": "20e7a760-d289-41e7-af81-ac599e5090c6",
              "isHook": false,
              "skipped": false
            },
            {
              "title": "should submit resignation for an employee",
              "fullTitle": "Backend API Tests for Employee and Admin Role should submit resignation for an employee",
              "timedOut": null,
              "duration": 393,
              "state": "failed",
              "speed": null,
              "pass": false,
              "fail": true,
              "pending": false,
              "context": null,
              "code": "const token = Cypress.env(\"employeeAuthToken\"); // Retrieve token from Cypress environment variable\ncy.request({\n  method: \"POST\",\n  url: `${apiUrl}/user/resign`,\n  headers: {\n    Authorization: `${token}`\n  },\n  body: {\n    lwd: \"2024-12-26\"\n  }\n}).then(response => {\n  expect(response.status).to.eq(200);\n  employeeResignationId = response.body.data.resignation._id; // Store resignation ID for approval\n});",
              "err": {
                "message": "CypressError: `cy.request()` failed on:\n\nhttp://localhost:8080/api/user/resign\n\nThe response we received from your web server was:\n\n  > 401: Unauthorized\n\nThis was considered a failure because the status code was not `2xx` or `3xx`.\n\nIf you do not want status codes to cause failures pass the option: `failOnStatusCode: false`\n\n-----------------------------------------------------------\n\nThe request we sent was:\n\nMethod: POST\nURL: http://localhost:8080/api/user/resign\nHeaders: {\n  \"Connection\": \"keep-alive\",\n  \"Authorization\": \"eyJhbGciOiJIUzI1NiIsInR5cCI6IkpXVCJ9.eyJpZCI6IjY3M2IyY2M4Y2E2ODA4MjEwYmE4YjRiMCIsInJvbGUiOiJlbXBsb3llZSIsImlhdCI6MTczMTkzMTMzNiwiZXhwIjoxNzMxOTM0OTM2fQ.FzA4-kHlVK3C0TuJiUu4R-BObb2bRB0o38n0mTiLXV4\",\n  \"user-agent\": \"Mozilla/5.0 (Windows NT 10.0; Win64; x64) AppleWebKit/537.36 (KHTML, like Gecko) Cypress/13.15.2 Chrome/118.0.5993.159 Electron/27.3.10 Safari/537.36\",\n  \"accept\": \"*/*\",\n  \"accept-encoding\": \"gzip, deflate\",\n  \"content-type\": \"application/json\",\n  \"content-length\": 20\n}\nBody: {\"lwd\":\"2024-12-26\"}\n\n-----------------------------------------------------------\n\nThe response we got was:\n\nStatus: 401 - Unauthorized\nHeaders: {\n  \"x-powered-by\": \"Express\",\n  \"content-type\": \"application/json; charset=utf-8\",\n  \"content-length\": \"31\",\n  \"etag\": \"W/\\\"1f-pZK48A3ZbwxVl8UtZcC9y8sBFbw\\\"\",\n  \"date\": \"Mon, 18 Nov 2024 12:02:16 GMT\",\n  \"connection\": \"keep-alive\",\n  \"keep-alive\": \"timeout=5\"\n}\nBody: {\n  \"message\": \"No token provided\"\n}\n\n\nhttps://on.cypress.io/request",
                "estack": "CypressError: `cy.request()` failed on:\n\nhttp://localhost:8080/api/user/resign\n\nThe response we received from your web server was:\n\n  > 401: Unauthorized\n\nThis was considered a failure because the status code was not `2xx` or `3xx`.\n\nIf you do not want status codes to cause failures pass the option: `failOnStatusCode: false`\n\n-----------------------------------------------------------\n\nThe request we sent was:\n\nMethod: POST\nURL: http://localhost:8080/api/user/resign\nHeaders: {\n  \"Connection\": \"keep-alive\",\n  \"Authorization\": \"eyJhbGciOiJIUzI1NiIsInR5cCI6IkpXVCJ9.eyJpZCI6IjY3M2IyY2M4Y2E2ODA4MjEwYmE4YjRiMCIsInJvbGUiOiJlbXBsb3llZSIsImlhdCI6MTczMTkzMTMzNiwiZXhwIjoxNzMxOTM0OTM2fQ.FzA4-kHlVK3C0TuJiUu4R-BObb2bRB0o38n0mTiLXV4\",\n  \"user-agent\": \"Mozilla/5.0 (Windows NT 10.0; Win64; x64) AppleWebKit/537.36 (KHTML, like Gecko) Cypress/13.15.2 Chrome/118.0.5993.159 Electron/27.3.10 Safari/537.36\",\n  \"accept\": \"*/*\",\n  \"accept-encoding\": \"gzip, deflate\",\n  \"content-type\": \"application/json\",\n  \"content-length\": 20\n}\nBody: {\"lwd\":\"2024-12-26\"}\n\n-----------------------------------------------------------\n\nThe response we got was:\n\nStatus: 401 - Unauthorized\nHeaders: {\n  \"x-powered-by\": \"Express\",\n  \"content-type\": \"application/json; charset=utf-8\",\n  \"content-length\": \"31\",\n  \"etag\": \"W/\\\"1f-pZK48A3ZbwxVl8UtZcC9y8sBFbw\\\"\",\n  \"date\": \"Mon, 18 Nov 2024 12:02:16 GMT\",\n  \"connection\": \"keep-alive\",\n  \"keep-alive\": \"timeout=5\"\n}\nBody: {\n  \"message\": \"No token provided\"\n}\n\n\nhttps://on.cypress.io/request\n    at <unknown> (http://localhost:8080/__cypress/runner/cypress_runner.js:132719:72)\n    at tryCatcher (http://localhost:8080/__cypress/runner/cypress_runner.js:1807:23)\n    at Promise._settlePromiseFromHandler (http://localhost:8080/__cypress/runner/cypress_runner.js:1519:31)\n    at Promise._settlePromise (http://localhost:8080/__cypress/runner/cypress_runner.js:1576:18)\n    at Promise._settlePromise0 (http://localhost:8080/__cypress/runner/cypress_runner.js:1621:10)\n    at Promise._settlePromises (http://localhost:8080/__cypress/runner/cypress_runner.js:1701:18)\n    at _drainQueueStep (http://localhost:8080/__cypress/runner/cypress_runner.js:2407:12)\n    at _drainQueue (http://localhost:8080/__cypress/runner/cypress_runner.js:2400:9)\n    at Async._drainQueues (http://localhost:8080/__cypress/runner/cypress_runner.js:2416:5)\n    at Async.drainQueues (http://localhost:8080/__cypress/runner/cypress_runner.js:2286:14)\nFrom Your Spec Code:\n    at Context.eval (webpack://exitease/./cypress/integration/backend/backendTests.spec.js:34:7)",
                "diff": null
              },
              "uuid": "a924c5af-a3d8-4caa-9695-ab6ce520b17a",
              "parentUUID": "20e7a760-d289-41e7-af81-ac599e5090c6",
              "isHook": false,
              "skipped": false
            },
            {
              "title": "should login as admin (HR)",
              "fullTitle": "Backend API Tests for Employee and Admin Role should login as admin (HR)",
              "timedOut": null,
              "duration": 299,
              "state": "passed",
              "speed": "fast",
              "pass": true,
              "fail": false,
              "pending": false,
              "context": null,
              "code": "cy.request(\"POST\", `${apiUrl}/auth/login`, {\n  username: \"admin\",\n  password: \"admin\"\n}).then(response => {\n  expect(response.status).to.eq(200);\n  expect(response.body).to.have.property(\"token\");\n  Cypress.env(\"adminAuthToken\", response.body.token); // Store admin token in Cypress environment variable\n});",
              "err": {},
              "uuid": "5e47e5e8-3f4e-484e-9735-cb86506e0708",
              "parentUUID": "20e7a760-d289-41e7-af81-ac599e5090c6",
              "isHook": false,
              "skipped": false
            },
            {
              "title": "should view all resignations submitted by employees as admin",
              "fullTitle": "Backend API Tests for Employee and Admin Role should view all resignations submitted by employees as admin",
              "timedOut": null,
              "duration": 256,
              "state": "failed",
              "speed": null,
              "pass": false,
              "fail": true,
              "pending": false,
              "context": null,
              "code": "const token = Cypress.env(\"adminAuthToken\"); // Retrieve admin token from Cypress environment variable\ncy.request({\n  method: \"GET\",\n  url: `${apiUrl}/admin/resignations`,\n  headers: {\n    Authorization: `${token}`\n  }\n}).then(response => {\n  expect(response.status).to.eq(200);\n  expect(response.body.data).to.be.an(\"array\");\n});",
              "err": {
                "message": "CypressError: `cy.request()` failed on:\n\nhttp://localhost:8080/api/admin/resignations\n\nThe response we received from your web server was:\n\n  > 401: Unauthorized\n\nThis was considered a failure because the status code was not `2xx` or `3xx`.\n\nIf you do not want status codes to cause failures pass the option: `failOnStatusCode: false`\n\n-----------------------------------------------------------\n\nThe request we sent was:\n\nMethod: GET\nURL: http://localhost:8080/api/admin/resignations\nHeaders: {\n  \"Connection\": \"keep-alive\",\n  \"Authorization\": \"eyJhbGciOiJIUzI1NiIsInR5cCI6IkpXVCJ9.eyJpZCI6IjY3M2IyYjFmODcwMzZhMWUwNzgwYjkxNSIsInJvbGUiOiJhZG1pbiIsImlhdCI6MTczMTkzMTMzNywiZXhwIjoxNzMxOTM0OTM3fQ.fYljHJuH_kCZwtllqQUOJtHG9eI-tCh4q72hKySS_a4\",\n  \"user-agent\": \"Mozilla/5.0 (Windows NT 10.0; Win64; x64) AppleWebKit/537.36 (KHTML, like Gecko) Cypress/13.15.2 Chrome/118.0.5993.159 Electron/27.3.10 Safari/537.36\",\n  \"accept\": \"*/*\",\n  \"accept-encoding\": \"gzip, deflate\"\n}\n\n-----------------------------------------------------------\n\nThe response we got was:\n\nStatus: 401 - Unauthorized\nHeaders: {\n  \"x-powered-by\": \"Express\",\n  \"content-type\": \"application/json; charset=utf-8\",\n  \"content-length\": \"31\",\n  \"etag\": \"W/\\\"1f-pZK48A3ZbwxVl8UtZcC9y8sBFbw\\\"\",\n  \"date\": \"Mon, 18 Nov 2024 12:02:17 GMT\",\n  \"connection\": \"keep-alive\",\n  \"keep-alive\": \"timeout=5\"\n}\nBody: {\n  \"message\": \"No token provided\"\n}\n\n\nhttps://on.cypress.io/request",
                "estack": "CypressError: `cy.request()` failed on:\n\nhttp://localhost:8080/api/admin/resignations\n\nThe response we received from your web server was:\n\n  > 401: Unauthorized\n\nThis was considered a failure because the status code was not `2xx` or `3xx`.\n\nIf you do not want status codes to cause failures pass the option: `failOnStatusCode: false`\n\n-----------------------------------------------------------\n\nThe request we sent was:\n\nMethod: GET\nURL: http://localhost:8080/api/admin/resignations\nHeaders: {\n  \"Connection\": \"keep-alive\",\n  \"Authorization\": \"eyJhbGciOiJIUzI1NiIsInR5cCI6IkpXVCJ9.eyJpZCI6IjY3M2IyYjFmODcwMzZhMWUwNzgwYjkxNSIsInJvbGUiOiJhZG1pbiIsImlhdCI6MTczMTkzMTMzNywiZXhwIjoxNzMxOTM0OTM3fQ.fYljHJuH_kCZwtllqQUOJtHG9eI-tCh4q72hKySS_a4\",\n  \"user-agent\": \"Mozilla/5.0 (Windows NT 10.0; Win64; x64) AppleWebKit/537.36 (KHTML, like Gecko) Cypress/13.15.2 Chrome/118.0.5993.159 Electron/27.3.10 Safari/537.36\",\n  \"accept\": \"*/*\",\n  \"accept-encoding\": \"gzip, deflate\"\n}\n\n-----------------------------------------------------------\n\nThe response we got was:\n\nStatus: 401 - Unauthorized\nHeaders: {\n  \"x-powered-by\": \"Express\",\n  \"content-type\": \"application/json; charset=utf-8\",\n  \"content-length\": \"31\",\n  \"etag\": \"W/\\\"1f-pZK48A3ZbwxVl8UtZcC9y8sBFbw\\\"\",\n  \"date\": \"Mon, 18 Nov 2024 12:02:17 GMT\",\n  \"connection\": \"keep-alive\",\n  \"keep-alive\": \"timeout=5\"\n}\nBody: {\n  \"message\": \"No token provided\"\n}\n\n\nhttps://on.cypress.io/request\n    at <unknown> (http://localhost:8080/__cypress/runner/cypress_runner.js:132719:72)\n    at tryCatcher (http://localhost:8080/__cypress/runner/cypress_runner.js:1807:23)\n    at Promise._settlePromiseFromHandler (http://localhost:8080/__cypress/runner/cypress_runner.js:1519:31)\n    at Promise._settlePromise (http://localhost:8080/__cypress/runner/cypress_runner.js:1576:18)\n    at Promise._settlePromise0 (http://localhost:8080/__cypress/runner/cypress_runner.js:1621:10)\n    at Promise._settlePromises (http://localhost:8080/__cypress/runner/cypress_runner.js:1701:18)\n    at _drainQueueStep (http://localhost:8080/__cypress/runner/cypress_runner.js:2407:12)\n    at _drainQueue (http://localhost:8080/__cypress/runner/cypress_runner.js:2400:9)\n    at Async._drainQueues (http://localhost:8080/__cypress/runner/cypress_runner.js:2416:5)\n    at Async.drainQueues (http://localhost:8080/__cypress/runner/cypress_runner.js:2286:14)\nFrom Your Spec Code:\n    at Context.eval (webpack://exitease/./cypress/integration/backend/backendTests.spec.js:63:7)",
                "diff": null
              },
              "uuid": "329430a4-0b42-46ef-ade1-deb10da67e02",
              "parentUUID": "20e7a760-d289-41e7-af81-ac599e5090c6",
              "isHook": false,
              "skipped": false
            },
            {
              "title": "should approve the employee’s resignation as admin",
              "fullTitle": "Backend API Tests for Employee and Admin Role should approve the employee’s resignation as admin",
              "timedOut": null,
              "duration": 263,
              "state": "failed",
              "speed": null,
              "pass": false,
              "fail": true,
              "pending": false,
              "context": null,
              "code": "const token = Cypress.env(\"adminAuthToken\"); // Retrieve admin token from Cypress environment variable\ncy.request({\n  method: \"PUT\",\n  url: `${apiUrl}/admin/conclude_resignation`,\n  headers: {\n    Authorization: `${token}`\n  },\n  body: {\n    resignationId: employeeResignationId,\n    approved: true,\n    lwd: \"26 Dec 2024\"\n  }\n}).then(response => {\n  expect(response.status).to.eq(200);\n});",
              "err": {
                "message": "CypressError: `cy.request()` failed on:\n\nhttp://localhost:8080/api/admin/conclude_resignation\n\nThe response we received from your web server was:\n\n  > 500: Internal Server Error\n\nThis was considered a failure because the status code was not `2xx` or `3xx`.\n\nIf you do not want status codes to cause failures pass the option: `failOnStatusCode: false`\n\n-----------------------------------------------------------\n\nThe request we sent was:\n\nMethod: PUT\nURL: http://localhost:8080/api/admin/conclude_resignation\nHeaders: {\n  \"Connection\": \"keep-alive\",\n  \"Authorization\": \"eyJhbGciOiJIUzI1NiIsInR5cCI6IkpXVCJ9.eyJpZCI6IjY3M2IyYjFmODcwMzZhMWUwNzgwYjkxNSIsInJvbGUiOiJhZG1pbiIsImlhdCI6MTczMTkzMTMzNywiZXhwIjoxNzMxOTM0OTM3fQ.fYljHJuH_kCZwtllqQUOJtHG9eI-tCh4q72hKySS_a4\",\n  \"user-agent\": \"Mozilla/5.0 (Windows NT 10.0; Win64; x64) AppleWebKit/537.36 (KHTML, like Gecko) Cypress/13.15.2 Chrome/118.0.5993.159 Electron/27.3.10 Safari/537.36\",\n  \"accept\": \"*/*\",\n  \"accept-encoding\": \"gzip, deflate\",\n  \"content-type\": \"application/json\",\n  \"content-length\": 58\n}\nBody: {\"resignationId\":null,\"approved\":true,\"lwd\":\"26 Dec 2024\"}\n\n-----------------------------------------------------------\n\nThe response we got was:\n\nStatus: 500 - Internal Server Error\nHeaders: {\n  \"x-powered-by\": \"Express\",\n  \"content-security-policy\": \"default-src 'none'\",\n  \"x-content-type-options\": \"nosniff\",\n  \"content-type\": \"text/html; charset=utf-8\",\n  \"content-length\": \"1483\",\n  \"date\": \"Mon, 18 Nov 2024 12:02:17 GMT\",\n  \"connection\": \"keep-alive\",\n  \"keep-alive\": \"timeout=5\"\n}\nBody: <!DOCTYPE html>\n<html lang=\"en\">\n<head>\n<meta charset=\"utf-8\">\n<title>Error</title>\n</head>\n<body>\n<pre>TypeError: Cannot read properties of undefined (reading &#39;role&#39;)<br> &nbsp; &nbsp;at D:\\Xexit\\me_mern_xexit_module_one_stub\\backend\\middlewares\\authMiddleware.js:22:18<br> &nbsp; &nbsp;at Layer.handle [as handle_request] (D:\\Xexit\\me_mern_xexit_module_one_stub\\backend\\node_modules\\express\\lib\\router\\layer.js:95:5)<br> &nbsp; &nbsp;at next (D:\\Xexit\\me_mern_xexit_module_one_stub\\backend\\node_modules\\express\\lib\\router\\route.js:149:13)<br> &nbsp; &nbsp;at Route.dispatch (D:\\Xexit\\me_mern_xexit_module_one_stub\\backend\\node_modules\\express\\lib\\router\\route.js:119:3)<br> &nbsp; &nbsp;at Layer.handle [as handle_request] (D:\\Xexit\\me_mern_xexit_module_one_stub\\backend\\node_modules\\express\\lib\\router\\layer.js:95:5)<br> &nbsp; &nbsp;at D:\\Xexit\\me_mern_xexit_module_one_stub\\backend\\node_modules\\express\\lib\\router\\index.js:284:15<br> &nbsp; &nbsp;at Function.process_params (D:\\Xexit\\me_mern_xexit_module_one_stub\\backend\\node_modules\\express\\lib\\router\\index.js:346:12)<br> &nbsp; &nbsp;at next (D:\\Xexit\\me_mern_xexit_module_one_stub\\backend\\node_modules\\express\\lib\\router\\index.js:280:10)<br> &nbsp; &nbsp;at Function.handle (D:\\Xexit\\me_mern_xexit_module_one_stub\\backend\\node_modules\\express\\lib\\router\\index.js:175:3)<br> &nbsp; &nbsp;at router (D:\\Xexit\\me_mern_xexit_module_one_stub\\backend\\node_modules\\express\\lib\\router\\index.js:47:12)</pre>\n</body>\n</html>\n\nhttps://on.cypress.io/request",
                "estack": "CypressError: `cy.request()` failed on:\n\nhttp://localhost:8080/api/admin/conclude_resignation\n\nThe response we received from your web server was:\n\n  > 500: Internal Server Error\n\nThis was considered a failure because the status code was not `2xx` or `3xx`.\n\nIf you do not want status codes to cause failures pass the option: `failOnStatusCode: false`\n\n-----------------------------------------------------------\n\nThe request we sent was:\n\nMethod: PUT\nURL: http://localhost:8080/api/admin/conclude_resignation\nHeaders: {\n  \"Connection\": \"keep-alive\",\n  \"Authorization\": \"eyJhbGciOiJIUzI1NiIsInR5cCI6IkpXVCJ9.eyJpZCI6IjY3M2IyYjFmODcwMzZhMWUwNzgwYjkxNSIsInJvbGUiOiJhZG1pbiIsImlhdCI6MTczMTkzMTMzNywiZXhwIjoxNzMxOTM0OTM3fQ.fYljHJuH_kCZwtllqQUOJtHG9eI-tCh4q72hKySS_a4\",\n  \"user-agent\": \"Mozilla/5.0 (Windows NT 10.0; Win64; x64) AppleWebKit/537.36 (KHTML, like Gecko) Cypress/13.15.2 Chrome/118.0.5993.159 Electron/27.3.10 Safari/537.36\",\n  \"accept\": \"*/*\",\n  \"accept-encoding\": \"gzip, deflate\",\n  \"content-type\": \"application/json\",\n  \"content-length\": 58\n}\nBody: {\"resignationId\":null,\"approved\":true,\"lwd\":\"26 Dec 2024\"}\n\n-----------------------------------------------------------\n\nThe response we got was:\n\nStatus: 500 - Internal Server Error\nHeaders: {\n  \"x-powered-by\": \"Express\",\n  \"content-security-policy\": \"default-src 'none'\",\n  \"x-content-type-options\": \"nosniff\",\n  \"content-type\": \"text/html; charset=utf-8\",\n  \"content-length\": \"1483\",\n  \"date\": \"Mon, 18 Nov 2024 12:02:17 GMT\",\n  \"connection\": \"keep-alive\",\n  \"keep-alive\": \"timeout=5\"\n}\nBody: <!DOCTYPE html>\n<html lang=\"en\">\n<head>\n<meta charset=\"utf-8\">\n<title>Error</title>\n</head>\n<body>\n<pre>TypeError: Cannot read properties of undefined (reading &#39;role&#39;)<br> &nbsp; &nbsp;at D:\\Xexit\\me_mern_xexit_module_one_stub\\backend\\middlewares\\authMiddleware.js:22:18<br> &nbsp; &nbsp;at Layer.handle [as handle_request] (D:\\Xexit\\me_mern_xexit_module_one_stub\\backend\\node_modules\\express\\lib\\router\\layer.js:95:5)<br> &nbsp; &nbsp;at next (D:\\Xexit\\me_mern_xexit_module_one_stub\\backend\\node_modules\\express\\lib\\router\\route.js:149:13)<br> &nbsp; &nbsp;at Route.dispatch (D:\\Xexit\\me_mern_xexit_module_one_stub\\backend\\node_modules\\express\\lib\\router\\route.js:119:3)<br> &nbsp; &nbsp;at Layer.handle [as handle_request] (D:\\Xexit\\me_mern_xexit_module_one_stub\\backend\\node_modules\\express\\lib\\router\\layer.js:95:5)<br> &nbsp; &nbsp;at D:\\Xexit\\me_mern_xexit_module_one_stub\\backend\\node_modules\\express\\lib\\router\\index.js:284:15<br> &nbsp; &nbsp;at Function.process_params (D:\\Xexit\\me_mern_xexit_module_one_stub\\backend\\node_modules\\express\\lib\\router\\index.js:346:12)<br> &nbsp; &nbsp;at next (D:\\Xexit\\me_mern_xexit_module_one_stub\\backend\\node_modules\\express\\lib\\router\\index.js:280:10)<br> &nbsp; &nbsp;at Function.handle (D:\\Xexit\\me_mern_xexit_module_one_stub\\backend\\node_modules\\express\\lib\\router\\index.js:175:3)<br> &nbsp; &nbsp;at router (D:\\Xexit\\me_mern_xexit_module_one_stub\\backend\\node_modules\\express\\lib\\router\\index.js:47:12)</pre>\n</body>\n</html>\n\nhttps://on.cypress.io/request\n    at <unknown> (http://localhost:8080/__cypress/runner/cypress_runner.js:132719:72)\n    at tryCatcher (http://localhost:8080/__cypress/runner/cypress_runner.js:1807:23)\n    at Promise._settlePromiseFromHandler (http://localhost:8080/__cypress/runner/cypress_runner.js:1519:31)\n    at Promise._settlePromise (http://localhost:8080/__cypress/runner/cypress_runner.js:1576:18)\n    at Promise._settlePromise0 (http://localhost:8080/__cypress/runner/cypress_runner.js:1621:10)\n    at Promise._settlePromises (http://localhost:8080/__cypress/runner/cypress_runner.js:1701:18)\n    at _drainQueueStep (http://localhost:8080/__cypress/runner/cypress_runner.js:2407:12)\n    at _drainQueue (http://localhost:8080/__cypress/runner/cypress_runner.js:2400:9)\n    at Async._drainQueues (http://localhost:8080/__cypress/runner/cypress_runner.js:2416:5)\n    at Async.drainQueues (http://localhost:8080/__cypress/runner/cypress_runner.js:2286:14)\nFrom Your Spec Code:\n    at Context.eval (webpack://exitease/./cypress/integration/backend/backendTests.spec.js:77:7)",
                "diff": null
              },
              "uuid": "d0a22a3c-aded-40ce-acc5-5e3470f22422",
              "parentUUID": "20e7a760-d289-41e7-af81-ac599e5090c6",
              "isHook": false,
              "skipped": false
            },
            {
              "title": "should allow the employee to submit responses to exit questionnaire",
              "fullTitle": "Backend API Tests for Employee and Admin Role should allow the employee to submit responses to exit questionnaire",
              "timedOut": null,
              "duration": 351,
              "state": "failed",
              "speed": null,
              "pass": false,
              "fail": true,
              "pending": false,
              "context": null,
              "code": "const token = Cypress.env(\"employeeAuthToken\"); // Retrieve employee token from Cypress environment variable\ncy.request({\n  method: \"POST\",\n  url: `${apiUrl}/user/responses`,\n  headers: {\n    Authorization: `${token}`\n  },\n  body: {\n    responses: [{\n      questionText: \"What prompted you to start looking for another job?\",\n      response: \"Lack of career growth opportunities\"\n    }, {\n      questionText: \"Would you recommend this company to others?\",\n      response: \"Yes, with some reservations\"\n    }]\n  }\n}).then(response => {\n  expect(response.status).to.eq(200);\n});",
              "err": {
                "message": "CypressError: `cy.request()` failed on:\n\nhttp://localhost:8080/api/user/responses\n\nThe response we received from your web server was:\n\n  > 404: Not Found\n\nThis was considered a failure because the status code was not `2xx` or `3xx`.\n\nIf you do not want status codes to cause failures pass the option: `failOnStatusCode: false`\n\n-----------------------------------------------------------\n\nThe request we sent was:\n\nMethod: POST\nURL: http://localhost:8080/api/user/responses\nHeaders: {\n  \"Connection\": \"keep-alive\",\n  \"Authorization\": \"eyJhbGciOiJIUzI1NiIsInR5cCI6IkpXVCJ9.eyJpZCI6IjY3M2IyY2M4Y2E2ODA4MjEwYmE4YjRiMCIsInJvbGUiOiJlbXBsb3llZSIsImlhdCI6MTczMTkzMTMzNiwiZXhwIjoxNzMxOTM0OTM2fQ.FzA4-kHlVK3C0TuJiUu4R-BObb2bRB0o38n0mTiLXV4\",\n  \"user-agent\": \"Mozilla/5.0 (Windows NT 10.0; Win64; x64) AppleWebKit/537.36 (KHTML, like Gecko) Cypress/13.15.2 Chrome/118.0.5993.159 Electron/27.3.10 Safari/537.36\",\n  \"accept\": \"*/*\",\n  \"accept-encoding\": \"gzip, deflate\",\n  \"content-type\": \"application/json\",\n  \"content-length\": 239\n}\nBody: {\"responses\":[{\"questionText\":\"What prompted you to start looking for another job?\",\"response\":\"Lack of career growth opportunities\"},{\"questionText\":\"Would you recommend this company to others?\",\"response\":\"Yes, with some reservations\"}]}\n\n-----------------------------------------------------------\n\nThe response we got was:\n\nStatus: 404 - Not Found\nHeaders: {\n  \"x-powered-by\": \"Express\",\n  \"content-security-policy\": \"default-src 'none'\",\n  \"x-content-type-options\": \"nosniff\",\n  \"content-type\": \"text/html; charset=utf-8\",\n  \"content-length\": \"158\",\n  \"date\": \"Mon, 18 Nov 2024 12:02:18 GMT\",\n  \"connection\": \"keep-alive\",\n  \"keep-alive\": \"timeout=5\"\n}\nBody: <!DOCTYPE html>\n<html lang=\"en\">\n<head>\n<meta charset=\"utf-8\">\n<title>Error</title>\n</head>\n<body>\n<pre>Cannot POST /api/user/responses</pre>\n</body>\n</html>\n\nhttps://on.cypress.io/request",
                "estack": "CypressError: `cy.request()` failed on:\n\nhttp://localhost:8080/api/user/responses\n\nThe response we received from your web server was:\n\n  > 404: Not Found\n\nThis was considered a failure because the status code was not `2xx` or `3xx`.\n\nIf you do not want status codes to cause failures pass the option: `failOnStatusCode: false`\n\n-----------------------------------------------------------\n\nThe request we sent was:\n\nMethod: POST\nURL: http://localhost:8080/api/user/responses\nHeaders: {\n  \"Connection\": \"keep-alive\",\n  \"Authorization\": \"eyJhbGciOiJIUzI1NiIsInR5cCI6IkpXVCJ9.eyJpZCI6IjY3M2IyY2M4Y2E2ODA4MjEwYmE4YjRiMCIsInJvbGUiOiJlbXBsb3llZSIsImlhdCI6MTczMTkzMTMzNiwiZXhwIjoxNzMxOTM0OTM2fQ.FzA4-kHlVK3C0TuJiUu4R-BObb2bRB0o38n0mTiLXV4\",\n  \"user-agent\": \"Mozilla/5.0 (Windows NT 10.0; Win64; x64) AppleWebKit/537.36 (KHTML, like Gecko) Cypress/13.15.2 Chrome/118.0.5993.159 Electron/27.3.10 Safari/537.36\",\n  \"accept\": \"*/*\",\n  \"accept-encoding\": \"gzip, deflate\",\n  \"content-type\": \"application/json\",\n  \"content-length\": 239\n}\nBody: {\"responses\":[{\"questionText\":\"What prompted you to start looking for another job?\",\"response\":\"Lack of career growth opportunities\"},{\"questionText\":\"Would you recommend this company to others?\",\"response\":\"Yes, with some reservations\"}]}\n\n-----------------------------------------------------------\n\nThe response we got was:\n\nStatus: 404 - Not Found\nHeaders: {\n  \"x-powered-by\": \"Express\",\n  \"content-security-policy\": \"default-src 'none'\",\n  \"x-content-type-options\": \"nosniff\",\n  \"content-type\": \"text/html; charset=utf-8\",\n  \"content-length\": \"158\",\n  \"date\": \"Mon, 18 Nov 2024 12:02:18 GMT\",\n  \"connection\": \"keep-alive\",\n  \"keep-alive\": \"timeout=5\"\n}\nBody: <!DOCTYPE html>\n<html lang=\"en\">\n<head>\n<meta charset=\"utf-8\">\n<title>Error</title>\n</head>\n<body>\n<pre>Cannot POST /api/user/responses</pre>\n</body>\n</html>\n\nhttps://on.cypress.io/request\n    at <unknown> (http://localhost:8080/__cypress/runner/cypress_runner.js:132719:72)\n    at tryCatcher (http://localhost:8080/__cypress/runner/cypress_runner.js:1807:23)\n    at Promise._settlePromiseFromHandler (http://localhost:8080/__cypress/runner/cypress_runner.js:1519:31)\n    at Promise._settlePromise (http://localhost:8080/__cypress/runner/cypress_runner.js:1576:18)\n    at Promise._settlePromise0 (http://localhost:8080/__cypress/runner/cypress_runner.js:1621:10)\n    at Promise._settlePromises (http://localhost:8080/__cypress/runner/cypress_runner.js:1701:18)\n    at _drainQueueStep (http://localhost:8080/__cypress/runner/cypress_runner.js:2407:12)\n    at _drainQueue (http://localhost:8080/__cypress/runner/cypress_runner.js:2400:9)\n    at Async._drainQueues (http://localhost:8080/__cypress/runner/cypress_runner.js:2416:5)\n    at Async.drainQueues (http://localhost:8080/__cypress/runner/cypress_runner.js:2286:14)\nFrom Your Spec Code:\n    at Context.eval (webpack://exitease/./cypress/integration/backend/backendTests.spec.js:96:7)",
                "diff": null
              },
              "uuid": "dbfe3cbf-a5dd-48e2-87e8-9a70c87fa3c1",
              "parentUUID": "20e7a760-d289-41e7-af81-ac599e5090c6",
              "isHook": false,
              "skipped": false
            },
            {
              "title": "should allow the admin to view all questionnaire responses",
              "fullTitle": "Backend API Tests for Employee and Admin Role should allow the admin to view all questionnaire responses",
              "timedOut": null,
              "duration": 231,
              "state": "failed",
              "speed": null,
              "pass": false,
              "fail": true,
              "pending": false,
              "context": null,
              "code": "const token = Cypress.env(\"adminAuthToken\"); // Retrieve admin token from Cypress environment variable\ncy.request({\n  method: \"GET\",\n  url: `${apiUrl}/admin/exit_responses`,\n  headers: {\n    Authorization: `${token}`\n  }\n}).then(response => {\n  expect(response.status).to.eq(200);\n  expect(response.body.data).to.be.an(\"array\");\n  // Find the specific response data that matches the expected responses\n  const expectedResponses = [{\n    questionText: \"What prompted you to start looking for another job?\",\n    response: \"Lack of career growth opportunities\"\n  }, {\n    questionText: \"Would you recommend this company to others?\",\n    response: \"Yes, with some reservations\"\n  }];\n  // Check if any of the data array includes the expected responses\n  const hasExpectedResponses = response.body.data.some(item => {\n    return item.responses.length === expectedResponses.length && item.responses.every((resp, index) => {\n      return resp.questionText === expectedResponses[index].questionText && resp.response === expectedResponses[index].response;\n    });\n  });\n  // Assert that the expected responses exist in the data\n  expect(hasExpectedResponses).to.be.true;\n});",
              "err": {
                "message": "CypressError: `cy.request()` failed on:\n\nhttp://localhost:8080/api/admin/exit_responses\n\nThe response we received from your web server was:\n\n  > 404: Not Found\n\nThis was considered a failure because the status code was not `2xx` or `3xx`.\n\nIf you do not want status codes to cause failures pass the option: `failOnStatusCode: false`\n\n-----------------------------------------------------------\n\nThe request we sent was:\n\nMethod: GET\nURL: http://localhost:8080/api/admin/exit_responses\nHeaders: {\n  \"Connection\": \"keep-alive\",\n  \"Authorization\": \"eyJhbGciOiJIUzI1NiIsInR5cCI6IkpXVCJ9.eyJpZCI6IjY3M2IyYjFmODcwMzZhMWUwNzgwYjkxNSIsInJvbGUiOiJhZG1pbiIsImlhdCI6MTczMTkzMTMzNywiZXhwIjoxNzMxOTM0OTM3fQ.fYljHJuH_kCZwtllqQUOJtHG9eI-tCh4q72hKySS_a4\",\n  \"user-agent\": \"Mozilla/5.0 (Windows NT 10.0; Win64; x64) AppleWebKit/537.36 (KHTML, like Gecko) Cypress/13.15.2 Chrome/118.0.5993.159 Electron/27.3.10 Safari/537.36\",\n  \"accept\": \"*/*\",\n  \"accept-encoding\": \"gzip, deflate\"\n}\n\n-----------------------------------------------------------\n\nThe response we got was:\n\nStatus: 404 - Not Found\nHeaders: {\n  \"x-powered-by\": \"Express\",\n  \"content-security-policy\": \"default-src 'none'\",\n  \"x-content-type-options\": \"nosniff\",\n  \"content-type\": \"text/html; charset=utf-8\",\n  \"content-length\": \"163\",\n  \"date\": \"Mon, 18 Nov 2024 12:02:18 GMT\",\n  \"connection\": \"keep-alive\",\n  \"keep-alive\": \"timeout=5\"\n}\nBody: <!DOCTYPE html>\n<html lang=\"en\">\n<head>\n<meta charset=\"utf-8\">\n<title>Error</title>\n</head>\n<body>\n<pre>Cannot GET /api/admin/exit_responses</pre>\n</body>\n</html>\n\nhttps://on.cypress.io/request",
                "estack": "CypressError: `cy.request()` failed on:\n\nhttp://localhost:8080/api/admin/exit_responses\n\nThe response we received from your web server was:\n\n  > 404: Not Found\n\nThis was considered a failure because the status code was not `2xx` or `3xx`.\n\nIf you do not want status codes to cause failures pass the option: `failOnStatusCode: false`\n\n-----------------------------------------------------------\n\nThe request we sent was:\n\nMethod: GET\nURL: http://localhost:8080/api/admin/exit_responses\nHeaders: {\n  \"Connection\": \"keep-alive\",\n  \"Authorization\": \"eyJhbGciOiJIUzI1NiIsInR5cCI6IkpXVCJ9.eyJpZCI6IjY3M2IyYjFmODcwMzZhMWUwNzgwYjkxNSIsInJvbGUiOiJhZG1pbiIsImlhdCI6MTczMTkzMTMzNywiZXhwIjoxNzMxOTM0OTM3fQ.fYljHJuH_kCZwtllqQUOJtHG9eI-tCh4q72hKySS_a4\",\n  \"user-agent\": \"Mozilla/5.0 (Windows NT 10.0; Win64; x64) AppleWebKit/537.36 (KHTML, like Gecko) Cypress/13.15.2 Chrome/118.0.5993.159 Electron/27.3.10 Safari/537.36\",\n  \"accept\": \"*/*\",\n  \"accept-encoding\": \"gzip, deflate\"\n}\n\n-----------------------------------------------------------\n\nThe response we got was:\n\nStatus: 404 - Not Found\nHeaders: {\n  \"x-powered-by\": \"Express\",\n  \"content-security-policy\": \"default-src 'none'\",\n  \"x-content-type-options\": \"nosniff\",\n  \"content-type\": \"text/html; charset=utf-8\",\n  \"content-length\": \"163\",\n  \"date\": \"Mon, 18 Nov 2024 12:02:18 GMT\",\n  \"connection\": \"keep-alive\",\n  \"keep-alive\": \"timeout=5\"\n}\nBody: <!DOCTYPE html>\n<html lang=\"en\">\n<head>\n<meta charset=\"utf-8\">\n<title>Error</title>\n</head>\n<body>\n<pre>Cannot GET /api/admin/exit_responses</pre>\n</body>\n</html>\n\nhttps://on.cypress.io/request\n    at <unknown> (http://localhost:8080/__cypress/runner/cypress_runner.js:132719:72)\n    at tryCatcher (http://localhost:8080/__cypress/runner/cypress_runner.js:1807:23)\n    at Promise._settlePromiseFromHandler (http://localhost:8080/__cypress/runner/cypress_runner.js:1519:31)\n    at Promise._settlePromise (http://localhost:8080/__cypress/runner/cypress_runner.js:1576:18)\n    at Promise._settlePromise0 (http://localhost:8080/__cypress/runner/cypress_runner.js:1621:10)\n    at Promise._settlePromises (http://localhost:8080/__cypress/runner/cypress_runner.js:1701:18)\n    at _drainQueueStep (http://localhost:8080/__cypress/runner/cypress_runner.js:2407:12)\n    at _drainQueue (http://localhost:8080/__cypress/runner/cypress_runner.js:2400:9)\n    at Async._drainQueues (http://localhost:8080/__cypress/runner/cypress_runner.js:2416:5)\n    at Async.drainQueues (http://localhost:8080/__cypress/runner/cypress_runner.js:2286:14)\nFrom Your Spec Code:\n    at Context.eval (webpack://exitease/./cypress/integration/backend/backendTests.spec.js:122:7)",
                "diff": null
              },
              "uuid": "25b5f94a-df39-4ddf-a6cd-dd8c022765d5",
              "parentUUID": "20e7a760-d289-41e7-af81-ac599e5090c6",
              "isHook": false,
              "skipped": false
            }
          ],
          "suites": [],
          "passes": [
            "71fc32e5-2623-46e7-8fe4-f09e499e721d",
            "d09a2093-9b81-448e-9d28-8741b6fb7329",
            "5e47e5e8-3f4e-484e-9735-cb86506e0708"
          ],
          "failures": [
            "a924c5af-a3d8-4caa-9695-ab6ce520b17a",
            "329430a4-0b42-46ef-ade1-deb10da67e02",
            "d0a22a3c-aded-40ce-acc5-5e3470f22422",
            "dbfe3cbf-a5dd-48e2-87e8-9a70c87fa3c1",
            "25b5f94a-df39-4ddf-a6cd-dd8c022765d5"
          ],
          "pending": [],
          "skipped": [],
          "duration": 2293,
          "root": false,
          "rootEmpty": false,
          "_timeout": 2000
        }
      ],
      "passes": [],
      "failures": [],
      "pending": [],
      "skipped": [],
      "duration": 0,
      "root": true,
      "rootEmpty": true,
      "_timeout": 2000
    }
  ],
  "meta": {
    "mocha": {
      "version": "7.0.1"
    },
    "mochawesome": {
      "options": {
        "quiet": false,
        "reportFilename": "my-report",
        "saveHtml": true,
        "saveJson": true,
        "consoleReporter": "spec",
        "useInlineDiffs": false,
        "code": true
      },
      "version": "7.1.3"
    },
    "marge": {
      "options": {
        "charts": true,
        "json": true,
        "reportsDir": "reports/your-reports-folder",
        "reportFilename": "my-report",
        "overwrite": false
      },
      "version": "6.2.0"
    }
  }
}